
VISION	Sat Jul  9 16:06:25 2022
	INET/INET_connect: getaddrinfo(Local,3050) failed: Der angegebene Host ist unbekannt. 


VISION	Thu Jul 14 20:23:48 2022
	INET/INET_connect: getaddrinfo(Localhost12,3050) failed: Der angegebene Host ist unbekannt. 


VISION	Thu Jul 14 20:24:09 2022
	INET/INET_connect: getaddrinfo(Localhost12,3050) failed: Der angegebene Host ist unbekannt. 


VISION	Thu Jul 14 20:25:50 2022
	INET/INET_connect: getaddrinfo(Localhost12,3050) failed: Der angegebene Host ist unbekannt. 


VISION	Thu Jul 14 20:26:27 2022
	INET/INET_connect: getaddrinfo(Localhost12,3050) failed: Der angegebene Host ist unbekannt. 


VISION	Thu Jul 14 20:28:07 2022
	INET/INET_connect: getaddrinfo(Localhost12,3050) failed: Der angegebene Host ist unbekannt. 


VISION	Thu Jul 14 20:28:21 2022
	INET/INET_connect: getaddrinfo(Localhost12,3050) failed: Der angegebene Host ist unbekannt. 


VISION	Thu Jul 14 20:29:50 2022
	INET/INET_connect: getaddrinfo(Localhost12,3050) failed: Der angegebene Host ist unbekannt. 


VISION	Thu Jul 14 20:30:26 2022
	INET/INET_connect: getaddrinfo(Localhost12,3050) failed: Der angegebene Host ist unbekannt. 


VISION	Thu Jul 14 20:32:06 2022
	INET/INET_connect: getaddrinfo(Localhost12,3050) failed: Der angegebene Host ist unbekannt. 


VISION	Thu Jul 14 20:32:22 2022
	INET/INET_connect: getaddrinfo(Localhost12,3050) failed: Der angegebene Host ist unbekannt. 


VISION	Thu Jul 14 20:33:02 2022
	INET/INET_connect: getaddrinfo(Localhost12,3050) failed: Der angegebene Host ist unbekannt. 


VISION	Thu Jul 14 20:36:09 2022
	INET/INET_connect: getaddrinfo(Localhost12,3050) failed: Der angegebene Host ist unbekannt. 


VISION	Thu Jul 14 20:36:33 2022
	INET/INET_connect: getaddrinfo(Localhost12,3050) failed: Der angegebene Host ist unbekannt. 


VISION	Thu Jul 14 20:39:21 2022
	INET/INET_connect: getaddrinfo(Localhost12,3050) failed: Der angegebene Host ist unbekannt. 


VISION	Thu Jul 14 20:45:37 2022
	INET/INET_connect: getaddrinfo(Localhost12,3050) failed: Der angegebene Host ist unbekannt. 


VISION	Thu Jul 14 20:47:06 2022
	INET/INET_connect: getaddrinfo(Localhost12,3050) failed: Der angegebene Host ist unbekannt. 


VISION	Thu Jul 14 20:48:09 2022
	INET/INET_connect: getaddrinfo(Localhost12,3050) failed: Der angegebene Host ist unbekannt. 


VISION	Thu Jul 14 20:48:50 2022
	INET/INET_connect: getaddrinfo(Localhost12,3050) failed: Der angegebene Host ist unbekannt. 


VISION	Thu Jul 14 20:49:05 2022
	INET/INET_connect: getaddrinfo(Localhost12,3050) failed: Der angegebene Host ist unbekannt. 


VISION	Thu Jul 14 20:49:20 2022
	INET/INET_connect: getaddrinfo(Localhost12,3050) failed: Der angegebene Host ist unbekannt. 


VISION	Thu Jul 14 20:50:21 2022
	INET/INET_connect: getaddrinfo(Localhost12,3050) failed: Der angegebene Host ist unbekannt. 


VISION	Thu Jul 14 20:53:38 2022
	INET/INET_connect: getaddrinfo(Localhost12,3050) failed: Der angegebene Host ist unbekannt. 


VISION	Thu Jul 14 20:56:50 2022
	INET/INET_connect: getaddrinfo(Localhost12,3050) failed: Der angegebene Host ist unbekannt. 


VISION	Thu Jul 14 20:57:46 2022
	INET/INET_connect: getaddrinfo(Localhost12,3050) failed: Der angegebene Host ist unbekannt. 


VISION	Thu Jul 14 20:59:54 2022
	INET/INET_connect: getaddrinfo(Localhost12,3050) failed: Der angegebene Host ist unbekannt. 


VISION	Thu Jul 14 21:00:37 2022
	INET/INET_connect: getaddrinfo(Localhost12,3050) failed: Der angegebene Host ist unbekannt. 


VISION	Thu Jul 14 21:00:58 2022
	INET/INET_connect: getaddrinfo(Localhost12,3050) failed: Der angegebene Host ist unbekannt. 


VISION	Thu Jul 14 21:02:59 2022
	INET/INET_connect: getaddrinfo(Localhost12,3050) failed: Der angegebene Host ist unbekannt. 


VISION	Thu Jul 14 21:03:35 2022
	INET/INET_connect: getaddrinfo(Localhost12,3050) failed: Der angegebene Host ist unbekannt. 


VISION	Thu Jul 14 21:03:48 2022
	INET/INET_connect: getaddrinfo(Localhost12,3050) failed: Der angegebene Host ist unbekannt. 


VISION	Thu Jul 14 21:06:22 2022
	INET/INET_connect: getaddrinfo(Localhost12,3050) failed: Der angegebene Host ist unbekannt. 


VISION	Thu Jul 14 21:12:05 2022
	INET/INET_connect: getaddrinfo(Localhost12,3050) failed: Der angegebene Host ist unbekannt. 


VISION	Thu Jul 14 21:12:20 2022
	INET/INET_connect: getaddrinfo(Localhost12,3050) failed: Der angegebene Host ist unbekannt. 


VISION	Thu Jul 14 21:17:52 2022
	INET/INET_connect: getaddrinfo(Localhost12,3050) failed: Der angegebene Host ist unbekannt. 


VISION	Thu Jul 14 21:18:19 2022
	INET/INET_connect: getaddrinfo(Localhost12,3050) failed: Der angegebene Host ist unbekannt. 


VISION	Thu Jul 14 21:18:37 2022
	INET/INET_connect: getaddrinfo(Localhost12,3050) failed: Der angegebene Host ist unbekannt. 


VISION	Thu Jul 14 21:19:36 2022
	INET/INET_connect: getaddrinfo(Localhost12,3050) failed: Der angegebene Host ist unbekannt. 


VISION	Thu Jul 14 21:20:08 2022
	INET/INET_connect: getaddrinfo(Localhost12,3050) failed: Der angegebene Host ist unbekannt. 


VISION	Thu Jul 14 21:21:48 2022
	INET/INET_connect: getaddrinfo(Localhost12,3050) failed: Der angegebene Host ist unbekannt. 


VISION	Sat Jul 16 20:03:32 2022
	INET/INET_connect: getaddrinfo(Localhost1,3050) failed: Der angegebene Host ist unbekannt. 


VISION	Sat Jul 16 20:04:55 2022
	REMOTE INTERFACE/gds__detach: Unsuccesful detach from database.
	Uncommitted work may have been lost.
	Error reading data from the connection.

